
Symbol table '.symtab' contains 21 entries:
   Num:    Value  Size Type    Bind   Vis      Ndx Name
     0: 00000000     0 NOTYPE  LOCAL  DEFAULT  UND 
     1: 00000000     0 SECTION LOCAL  DEFAULT    1 
     2: 00000000     0 SECTION LOCAL  DEFAULT    3 
     3: 00000000     0 SECTION LOCAL  DEFAULT    5 
     4: 00000000     0 NOTYPE  LOCAL  DEFAULT    1 $a
     5: 00000008     0 NOTYPE  LOCAL  DEFAULT    3 data_local
     6: 00000028     0 NOTYPE  LOCAL  DEFAULT    1 suite
     7: 0000002c     0 NOTYPE  LOCAL  DEFAULT    1 $d
     8: 00000000     0 NOTYPE  LOCAL  DEFAULT    3 $d
     9: 00000018     0 NOTYPE  LOCAL  DEFAULT    3 $a
    10: 00000038     0 NOTYPE  LOCAL  DEFAULT    3 fin
    11: 00000038     0 NOTYPE  LOCAL  DEFAULT    3 $d
    12: 00000000     0 SECTION LOCAL  DEFAULT    9 
    13: 0000000c     0 NOTYPE  LOCAL  DEFAULT   12 $d
    14: 00000000     0 SECTION LOCAL  DEFAULT   11 
    15: 00000000     0 SECTION LOCAL  DEFAULT    7 
    16: 00000000     0 SECTION LOCAL  DEFAULT   14 
    17: 00000000     0 SECTION LOCAL  DEFAULT   12 
    18: 00000000     0 SECTION LOCAL  DEFAULT    6 
    19: 00000004     0 NOTYPE  GLOBAL DEFAULT    1 main
    20: 00000018     0 NOTYPE  GLOBAL DEFAULT    3 data_global
